TN:
SF:c:\node\Andela\Maintenance-Tracker\API\src\index.js
FN:14,(anonymous_0)
FN:23,(anonymous_1)
FNF:2
FNH:2
FNDA:4,(anonymous_0)
FNDA:1,(anonymous_1)
DA:9,1
DA:10,1
DA:13,1
DA:14,4
DA:16,1
DA:17,1
DA:18,1
DA:21,1
DA:23,1
LF:9
LH:9
BRDA:10,0,0,0
BRF:1
BRH:0
end_of_record
TN:
SF:c:\node\Andela\Maintenance-Tracker\API\src\routes.js
FN:7,(anonymous_0)
FNF:1
FNH:1
FNDA:2,(anonymous_0)
DA:4,1
DA:7,1
DA:8,2
LF:3
LH:3
BRF:0
BRH:0
end_of_record
TN:
SF:c:\node\Andela\Maintenance-Tracker\API\src\storage\users.js
FNF:0
FNH:0
DA:1,1
LF:1
LH:1
BRF:0
BRH:0
end_of_record
