TN:
SF:C:\node\Andela\Maintenance-Tracker\API\src\index.js
FN:14,(anonymous_0)
FN:23,(anonymous_1)
FNF:2
FNH:2
FNDA:9,(anonymous_0)
FNDA:1,(anonymous_1)
DA:9,1
DA:10,1
DA:13,1
DA:14,9
DA:16,1
DA:17,1
DA:18,1
DA:21,1
DA:23,1
LF:9
LH:9
BRDA:10,0,0,0
BRF:1
BRH:0
end_of_record
TN:
SF:C:\node\Andela\Maintenance-Tracker\API\src\routes.js
FN:7,(anonymous_0)
FN:11,(anonymous_1)
FN:13,(anonymous_2)
FN:22,(anonymous_3)
FN:24,(anonymous_4)
FN:38,(anonymous_5)
FN:51,(anonymous_6)
FN:52,(anonymous_7)
FNF:8
FNH:8
FNDA:2,(anonymous_0)
FNDA:2,(anonymous_1)
FNDA:6,(anonymous_2)
FNDA:2,(anonymous_3)
FNDA:6,(anonymous_4)
FNDA:1,(anonymous_5)
FNDA:2,(anonymous_6)
FNDA:7,(anonymous_7)
DA:4,1
DA:7,1
DA:8,2
DA:11,1
DA:12,2
DA:13,2
DA:15,6
DA:16,4
DA:19,2
DA:22,1
DA:23,2
DA:24,2
DA:25,6
DA:26,1
DA:29,2
DA:30,1
DA:34,1
DA:38,1
DA:39,1
DA:47,1
DA:48,1
DA:51,1
DA:52,7
DA:53,2
DA:54,1
DA:58,1
DA:66,1
LF:27
LH:27
BRDA:15,0,0,4
BRDA:15,0,1,2
BRDA:25,1,0,1
BRDA:25,1,1,5
BRDA:29,2,0,1
BRDA:29,2,1,1
BRDA:53,3,0,1
BRDA:53,3,1,1
BRF:8
BRH:8
end_of_record
TN:
SF:C:\node\Andela\Maintenance-Tracker\API\src\storage\requests.js
FNF:0
FNH:0
DA:1,1
LF:1
LH:1
BRF:0
BRH:0
end_of_record
